<?xml version="1.0" encoding="UTF-8"?>
<!-- Generated by org.testng.reporters.JUnitReportReporter -->
<testsuite hostname="GN2LADTR911QVCS" failures="0" tests="1" name="RahulShettyAcademy.SeleniumFrameworkDesign.StandAloneTest_POMReference" time="14.695" errors="0" timestamp="2024-06-14T13:20:15 IST" skipped="0">
  <testcase classname="RahulShettyAcademy.SeleniumFrameworkDesign.StandAloneTest_POMReference" name="submitOrder" time="14.695"/>
</testsuite> <!-- RahulShettyAcademy.SeleniumFrameworkDesign.StandAloneTest_POMReference -->
